2a00:d680:20:50::32
2a01:4f8:162:6188::2
2a03:b0c0:1:a1::10e8:2001
2a03:b0c0:3:d0::1a9d:e001
2a01:7c8:aac0:2e4:5054:ff:fe7d:3148
2400:6180:0:d0::501:1001
2a02:c207:2047:2318::1
2a00:d680:20:50::2647
2001:41d0:303:ce33::
2a01:7e01::f03c:92ff:fe1a:c7e1
2a01:7c8:fffd:453::1
2a03:4000:61:cb7::17:73
2a02:4780:bad:2:fced:1ff:fe02:343
2403:6b80:8:100::6773:a26
2a02:4780:bad:24:fced:1ff:fe24:764
2001:19f0:4400:4096:5400:3ff:fef5:bad5
2604:a880:400:d0::188f:5001
2604:a880:800:10::d70:1001
2a02:c207:2076:9275::1
2a03:4000:2c:3d5:15:3725:0:5
2400:6180:100:d0::2db:3001
2001:41d0:303:d962::
2a00:d680:20:50::4a10
2a01:4f8:c0c:d361::1
2600:3c03::f03c:91ff:fe25:edd8
2408:8234:9c15:c154:15af:f53b:6b72:c463
2408:8234:9c15:c154:14a7:fc9b:1193:5d25
